Post Processor Report
OrCAD FILE: F:\EIS\PROJECTS\TRANSCONDUCTANCE AMPLIFIER\ORCAD\LAYOUT\EIS_NICU_BOARD-7.MAX
Fri Jan 04 15:27:27 2008

*********************************************************

Output file: F:\EIS\PROJECTS\TRANSCONDUCTANCE AMPLIFIER\ORCAD\LAYOUT\EIS_NICU_BOARD-7.TOP

Aperture totals for F:\EIS\PROJECTS\TRANSCONDUCTANCE AMPLIFIER\ORCAD\LAYOUT\EIS_NICU_BOARD-7.TOP:
---------------------------------------------------------
D10:  0.0550 ROUND  --       0 Draws,       6 Flashes
D11:  0.0550 SQUARE --       0 Draws,       2 Flashes
D12:  0.0520 ROUND  --       0 Draws,      12 Flashes
D13:  0.0670 ROUND  --       0 Draws,      15 Flashes
D14:  0.0800 SQUARE --       0 Draws,       9 Flashes
D15:  0.0520 SQUARE --       0 Draws,       2 Flashes
D16:  0.0580 ROUND  --       0 Draws,      22 Flashes
D17:  0.0580 SQUARE --       0 Draws,       2 Flashes
D18:  0.0590 SQUARE --       0 Draws,      12 Flashes
D19:  0.0500 ROUND  --       0 Draws,       1 Flashes
D20:  0.0210 ROUND  --     135 Draws,       0 Flashes
D21:  0.0500 ROUND  --       0 Draws,      12 Flashes
---------------------------------------------------------
 12 D-Codes      -----     135 Draws,      95 Flashes

*********************************************************

Output file: F:\EIS\PROJECTS\TRANSCONDUCTANCE AMPLIFIER\ORCAD\LAYOUT\EIS_NICU_BOARD-7.BOT

Aperture totals for F:\EIS\PROJECTS\TRANSCONDUCTANCE AMPLIFIER\ORCAD\LAYOUT\EIS_NICU_BOARD-7.BOT:
---------------------------------------------------------
D19:  0.0500 ROUND  --       0 Draws,       1 Flashes
D20:  0.0210 ROUND  --      93 Draws,       0 Flashes
D21:  0.0500 ROUND  --       0 Draws,      12 Flashes
D22:  0.0550 ROUND  --       0 Draws,       6 Flashes
D23:  0.0550 SQUARE --       0 Draws,       2 Flashes
D24:  0.0520 ROUND  --       0 Draws,      12 Flashes
D25:  0.0670 ROUND  --       0 Draws,      15 Flashes
D26:  0.0800 SQUARE --       0 Draws,       9 Flashes
D27:  0.0520 SQUARE --       0 Draws,       2 Flashes
D28:  0.0580 ROUND  --       0 Draws,      22 Flashes
D29:  0.0580 SQUARE --       0 Draws,       2 Flashes
D30:  0.0590 SQUARE --       0 Draws,      12 Flashes
D31:  0.0100 ROUND  --     241 Draws,       0 Flashes
---------------------------------------------------------
 13 D-Codes      -----     334 Draws,      95 Flashes

*********************************************************

Output file: F:\EIS\PROJECTS\TRANSCONDUCTANCE AMPLIFIER\ORCAD\LAYOUT\EIS_NICU_BOARD-7.GND

Aperture totals for F:\EIS\PROJECTS\TRANSCONDUCTANCE AMPLIFIER\ORCAD\LAYOUT\EIS_NICU_BOARD-7.GND:
---------------------------------------------------------
D26:  0.0800 SQUARE --       0 Draws,       9 Flashes
D30:  0.0590 SQUARE --       0 Draws,      12 Flashes
D32:  0.0750 ROUND  --       0 Draws,      21 Flashes
D33:  0.0750 SQUARE --       0 Draws,       2 Flashes
D34:  0.0720 ROUND  --       0 Draws,      12 Flashes
D35:  0.0720 SQUARE --       0 Draws,       2 Flashes
D36:  0.0780 ROUND  --       0 Draws,      22 Flashes
D37:  0.0780 SQUARE --       0 Draws,       2 Flashes
D38:  0.0500 ROUND  --       4 Draws,       0 Flashes
D39:  0.0750 ROUND  --       0 Draws,      13 Flashes
---------------------------------------------------------
 10 D-Codes      -----       4 Draws,      95 Flashes

*********************************************************

Output file: F:\EIS\PROJECTS\TRANSCONDUCTANCE AMPLIFIER\ORCAD\LAYOUT\EIS_NICU_BOARD-7.PWR

Aperture totals for F:\EIS\PROJECTS\TRANSCONDUCTANCE AMPLIFIER\ORCAD\LAYOUT\EIS_NICU_BOARD-7.PWR:
---------------------------------------------------------
D26:  0.0800 SQUARE --       0 Draws,       9 Flashes
D30:  0.0590 SQUARE --       0 Draws,      12 Flashes
D32:  0.0750 ROUND  --       0 Draws,      21 Flashes
D33:  0.0750 SQUARE --       0 Draws,       2 Flashes
D34:  0.0720 ROUND  --       0 Draws,      12 Flashes
D35:  0.0720 SQUARE --       0 Draws,       2 Flashes
D36:  0.0780 ROUND  --       0 Draws,      22 Flashes
D37:  0.0780 SQUARE --       0 Draws,       2 Flashes
D38:  0.0500 ROUND  --       4 Draws,       0 Flashes
D39:  0.0750 ROUND  --       0 Draws,      13 Flashes
---------------------------------------------------------
 10 D-Codes      -----       4 Draws,      95 Flashes

*********************************************************

Output file: F:\EIS\PROJECTS\TRANSCONDUCTANCE AMPLIFIER\ORCAD\LAYOUT\EIS_NICU_BOARD-7.SMT

Aperture totals for F:\EIS\PROJECTS\TRANSCONDUCTANCE AMPLIFIER\ORCAD\LAYOUT\EIS_NICU_BOARD-7.SMT:
---------------------------------------------------------
D22:  0.0550 ROUND  --       0 Draws,       6 Flashes
D23:  0.0550 SQUARE --       0 Draws,       2 Flashes
D24:  0.0520 ROUND  --       0 Draws,      12 Flashes
D27:  0.0520 SQUARE --       0 Draws,       2 Flashes
D28:  0.0580 ROUND  --       0 Draws,      22 Flashes
D29:  0.0580 SQUARE --       0 Draws,       2 Flashes
D40:  0.0700 ROUND  --       0 Draws,      15 Flashes
D41:  0.1200 SQUARE --       0 Draws,       9 Flashes
D42:  0.0689 SQUARE --       0 Draws,      12 Flashes
D43:  0.0550 ROUND  --       0 Draws,      13 Flashes
---------------------------------------------------------
 10 D-Codes      -----       0 Draws,      95 Flashes

*********************************************************

Output file: F:\EIS\PROJECTS\TRANSCONDUCTANCE AMPLIFIER\ORCAD\LAYOUT\EIS_NICU_BOARD-7.SMB

Aperture totals for F:\EIS\PROJECTS\TRANSCONDUCTANCE AMPLIFIER\ORCAD\LAYOUT\EIS_NICU_BOARD-7.SMB:
---------------------------------------------------------
D22:  0.0550 ROUND  --       0 Draws,       6 Flashes
D23:  0.0550 SQUARE --       0 Draws,       2 Flashes
D24:  0.0520 ROUND  --       0 Draws,      12 Flashes
D27:  0.0520 SQUARE --       0 Draws,       2 Flashes
D28:  0.0580 ROUND  --       0 Draws,      22 Flashes
D29:  0.0580 SQUARE --       0 Draws,       2 Flashes
D40:  0.0700 ROUND  --       0 Draws,      15 Flashes
D41:  0.1200 SQUARE --       0 Draws,       9 Flashes
D42:  0.0689 SQUARE --       0 Draws,      12 Flashes
D43:  0.0550 ROUND  --       0 Draws,      13 Flashes
---------------------------------------------------------
 10 D-Codes      -----       0 Draws,      95 Flashes

*********************************************************

Output file: F:\EIS\PROJECTS\TRANSCONDUCTANCE AMPLIFIER\ORCAD\LAYOUT\EIS_NICU_BOARD-7.SST

Aperture totals for F:\EIS\PROJECTS\TRANSCONDUCTANCE AMPLIFIER\ORCAD\LAYOUT\EIS_NICU_BOARD-7.SST:
---------------------------------------------------------
D31:  0.0100 ROUND  --     720 Draws,       0 Flashes
D44:  0.0080 ROUND  --     237 Draws,       0 Flashes
D45:  0.0010 ROUND  --      34 Draws,       0 Flashes
D46:  0.0200 ROUND  --      43 Draws,       0 Flashes
---------------------------------------------------------
  4 D-Codes      -----    1034 Draws,       0 Flashes

*********************************************************

Output file: F:\EIS\PROJECTS\TRANSCONDUCTANCE AMPLIFIER\ORCAD\LAYOUT\EIS_NICU_BOARD-7.AST

Aperture totals for F:\EIS\PROJECTS\TRANSCONDUCTANCE AMPLIFIER\ORCAD\LAYOUT\EIS_NICU_BOARD-7.AST:
---------------------------------------------------------
D22:  0.0550 ROUND  --       0 Draws,       6 Flashes
D23:  0.0550 SQUARE --       0 Draws,       2 Flashes
D24:  0.0520 ROUND  --       0 Draws,      12 Flashes
D27:  0.0520 SQUARE --       0 Draws,       2 Flashes
D28:  0.0580 ROUND  --       0 Draws,      22 Flashes
D29:  0.0580 SQUARE --       0 Draws,       2 Flashes
D31:  0.0100 ROUND  --     164 Draws,       0 Flashes
D38:  0.0500 ROUND  --       4 Draws,       0 Flashes
D44:  0.0080 ROUND  --     947 Draws,       2 Flashes
---------------------------------------------------------
  9 D-Codes      -----    1115 Draws,      48 Flashes

*********************************************************

Output file: F:\EIS\PROJECTS\TRANSCONDUCTANCE AMPLIFIER\ORCAD\LAYOUT\EIS_NICU_BOARD-7.DRD

Aperture totals for F:\EIS\PROJECTS\TRANSCONDUCTANCE AMPLIFIER\ORCAD\LAYOUT\EIS_NICU_BOARD-7.DRD:
---------------------------------------------------------
D31:  0.0100 ROUND  --     895 Draws,       0 Flashes
D38:  0.0500 ROUND  --       4 Draws,       0 Flashes
---------------------------------------------------------
  2 D-Codes      -----     899 Draws,       0 Flashes

*********************************************************

Output file: F:\EIS\PROJECTS\TRANSCONDUCTANCE AMPLIFIER\ORCAD\LAYOUT\EIS_NICU_BOARD-7.FAB

Aperture totals for F:\EIS\PROJECTS\TRANSCONDUCTANCE AMPLIFIER\ORCAD\LAYOUT\EIS_NICU_BOARD-7.FAB:
---------------------------------------------------------
D38:  0.0500 ROUND  --       4 Draws,       0 Flashes
D47:  0.0280 ROUND  --       0 Draws,      13 Flashes
---------------------------------------------------------
  2 D-Codes      -----       4 Draws,      13 Flashes


*********************************************************

Aperture totals for entire project:
---------------------------------------------------------
D10:  0.0550 ROUND  --       0 Draws,       6 Flashes
D11:  0.0550 SQUARE --       0 Draws,       2 Flashes
D12:  0.0520 ROUND  --       0 Draws,      12 Flashes
D13:  0.0670 ROUND  --       0 Draws,      15 Flashes
D14:  0.0800 SQUARE --       0 Draws,       9 Flashes
D15:  0.0520 SQUARE --       0 Draws,       2 Flashes
D16:  0.0580 ROUND  --       0 Draws,      22 Flashes
D17:  0.0580 SQUARE --       0 Draws,       2 Flashes
D18:  0.0590 SQUARE --       0 Draws,      12 Flashes
D19:  0.0500 ROUND  --       0 Draws,       2 Flashes
D20:  0.0210 ROUND  --     228 Draws,       0 Flashes
D21:  0.0500 ROUND  --       0 Draws,      24 Flashes
D22:  0.0550 ROUND  --       0 Draws,      24 Flashes
D23:  0.0550 SQUARE --       0 Draws,       8 Flashes
D24:  0.0520 ROUND  --       0 Draws,      48 Flashes
D25:  0.0670 ROUND  --       0 Draws,      15 Flashes
D26:  0.0800 SQUARE --       0 Draws,      27 Flashes
D27:  0.0520 SQUARE --       0 Draws,       8 Flashes
D28:  0.0580 ROUND  --       0 Draws,      88 Flashes
D29:  0.0580 SQUARE --       0 Draws,       8 Flashes
D30:  0.0590 SQUARE --       0 Draws,      36 Flashes
D31:  0.0100 ROUND  --    2020 Draws,       0 Flashes
D32:  0.0750 ROUND  --       0 Draws,      42 Flashes
D33:  0.0750 SQUARE --       0 Draws,       4 Flashes
D34:  0.0720 ROUND  --       0 Draws,      24 Flashes
D35:  0.0720 SQUARE --       0 Draws,       4 Flashes
D36:  0.0780 ROUND  --       0 Draws,      44 Flashes
D37:  0.0780 SQUARE --       0 Draws,       4 Flashes
D38:  0.0500 ROUND  --      20 Draws,       0 Flashes
D39:  0.0750 ROUND  --       0 Draws,      26 Flashes
D40:  0.0700 ROUND  --       0 Draws,      30 Flashes
D41:  0.1200 SQUARE --       0 Draws,      18 Flashes
D42:  0.0689 SQUARE --       0 Draws,      24 Flashes
D43:  0.0550 ROUND  --       0 Draws,      26 Flashes
D44:  0.0080 ROUND  --    1184 Draws,       2 Flashes
D45:  0.0010 ROUND  --      34 Draws,       0 Flashes
D46:  0.0200 ROUND  --      43 Draws,       0 Flashes
D47:  0.0280 ROUND  --       0 Draws,      13 Flashes
---------------------------------------------------------
 38 D-Codes      -----    3529 Draws,     631 Flashes


No warnings or errors.
