Post Processor Report
OrCAD FILE: F:\EIS\PROJECTS\TRANSCONDUCTANCE AMPLIFIER\ORCAD\LAYOUT\EIS_NICU_BOARD-10.MAX
Sat Jan 19 15:06:08 2008

*********************************************************

Output file: F:\EIS\PROJECTS\TRANSCONDUCTANCE AMPLIFIER\ORCAD\LAYOUT\EIS_NICU_BOARD-10.TOP

Aperture totals for F:\EIS\PROJECTS\TRANSCONDUCTANCE AMPLIFIER\ORCAD\LAYOUT\EIS_NICU_BOARD-10.TOP:
---------------------------------------------------------
D10:  0.0550 ROUND  --       0 Draws,       2 Flashes
D11:  0.0550 SQUARE --       0 Draws,       2 Flashes
D12:  0.0580 ROUND  --       0 Draws,      26 Flashes
D13:  0.1000 ROUND  --       0 Draws,      15 Flashes
D14:  0.0970 SQUARE --       0 Draws,       9 Flashes
D15:  0.0580 SQUARE --       0 Draws,      16 Flashes
D16:  0.0640 ROUND  --       0 Draws,      12 Flashes
D17:  0.1100 ROUND  --       0 Draws,       4 Flashes
D18:  0.0300 ROUND  --      94 Draws,       0 Flashes
D19:  0.0500 ROUND  --       0 Draws,      10 Flashes
---------------------------------------------------------
 10 D-Codes      -----      94 Draws,      96 Flashes

*********************************************************

Output file: F:\EIS\PROJECTS\TRANSCONDUCTANCE AMPLIFIER\ORCAD\LAYOUT\EIS_NICU_BOARD-10.BOT

Aperture totals for F:\EIS\PROJECTS\TRANSCONDUCTANCE AMPLIFIER\ORCAD\LAYOUT\EIS_NICU_BOARD-10.BOT:
---------------------------------------------------------
D18:  0.0300 ROUND  --      92 Draws,       0 Flashes
D19:  0.0500 ROUND  --       0 Draws,       9 Flashes
D20:  0.0550 ROUND  --       0 Draws,       2 Flashes
D21:  0.0550 SQUARE --       0 Draws,       2 Flashes
D22:  0.0580 ROUND  --       0 Draws,      26 Flashes
D23:  0.1000 ROUND  --       0 Draws,      15 Flashes
D24:  0.0970 SQUARE --       0 Draws,       9 Flashes
D25:  0.0580 SQUARE --       0 Draws,      16 Flashes
D26:  0.0640 ROUND  --       0 Draws,      12 Flashes
D27:  0.1100 ROUND  --       0 Draws,       4 Flashes
D28:  0.0500 ROUND  --       0 Draws,       1 Flashes
D29:  0.0100 ROUND  --     201 Draws,       0 Flashes
D30:  0.0120 ROUND  --      37 Draws,       0 Flashes
---------------------------------------------------------
 13 D-Codes      -----     330 Draws,      96 Flashes

*********************************************************

Output file: F:\EIS\PROJECTS\TRANSCONDUCTANCE AMPLIFIER\ORCAD\LAYOUT\EIS_NICU_BOARD-10.SMT

Aperture totals for F:\EIS\PROJECTS\TRANSCONDUCTANCE AMPLIFIER\ORCAD\LAYOUT\EIS_NICU_BOARD-10.SMT:
---------------------------------------------------------
D20:  0.0550 ROUND  --       0 Draws,       2 Flashes
D21:  0.0550 SQUARE --       0 Draws,       2 Flashes
D22:  0.0580 ROUND  --       0 Draws,      22 Flashes
D23:  0.1000 ROUND  --       0 Draws,      19 Flashes
D24:  0.0970 SQUARE --       0 Draws,       9 Flashes
D25:  0.0580 SQUARE --       0 Draws,      16 Flashes
D26:  0.0640 ROUND  --       0 Draws,      12 Flashes
D31:  0.1050 ROUND  --       0 Draws,       4 Flashes
D32:  0.0550 ROUND  --       0 Draws,      10 Flashes
---------------------------------------------------------
  9 D-Codes      -----       0 Draws,      96 Flashes

*********************************************************

Output file: F:\EIS\PROJECTS\TRANSCONDUCTANCE AMPLIFIER\ORCAD\LAYOUT\EIS_NICU_BOARD-10.SMB

Aperture totals for F:\EIS\PROJECTS\TRANSCONDUCTANCE AMPLIFIER\ORCAD\LAYOUT\EIS_NICU_BOARD-10.SMB:
---------------------------------------------------------
D20:  0.0550 ROUND  --       0 Draws,       2 Flashes
D21:  0.0550 SQUARE --       0 Draws,       2 Flashes
D22:  0.0580 ROUND  --       0 Draws,      22 Flashes
D23:  0.1000 ROUND  --       0 Draws,      19 Flashes
D24:  0.0970 SQUARE --       0 Draws,       9 Flashes
D25:  0.0580 SQUARE --       0 Draws,      16 Flashes
D26:  0.0640 ROUND  --       0 Draws,      12 Flashes
D31:  0.1050 ROUND  --       0 Draws,       4 Flashes
D32:  0.0550 ROUND  --       0 Draws,      10 Flashes
---------------------------------------------------------
  9 D-Codes      -----       0 Draws,      96 Flashes

*********************************************************

Output file: F:\EIS\PROJECTS\TRANSCONDUCTANCE AMPLIFIER\ORCAD\LAYOUT\EIS_NICU_BOARD-10.SST

Aperture totals for F:\EIS\PROJECTS\TRANSCONDUCTANCE AMPLIFIER\ORCAD\LAYOUT\EIS_NICU_BOARD-10.SST:
---------------------------------------------------------
D29:  0.0100 ROUND  --     822 Draws,       0 Flashes
D33:  0.0080 ROUND  --     230 Draws,       0 Flashes
D34:  0.0010 ROUND  --      34 Draws,       0 Flashes
D35:  0.0200 ROUND  --      43 Draws,       0 Flashes
---------------------------------------------------------
  4 D-Codes      -----    1129 Draws,       0 Flashes

*********************************************************

Output file: F:\EIS\PROJECTS\TRANSCONDUCTANCE AMPLIFIER\ORCAD\LAYOUT\EIS_NICU_BOARD-10.AST

Aperture totals for F:\EIS\PROJECTS\TRANSCONDUCTANCE AMPLIFIER\ORCAD\LAYOUT\EIS_NICU_BOARD-10.AST:
---------------------------------------------------------
D20:  0.0550 ROUND  --       0 Draws,       6 Flashes
D21:  0.0550 SQUARE --       0 Draws,       2 Flashes
D22:  0.0580 ROUND  --       0 Draws,      22 Flashes
D25:  0.0580 SQUARE --       0 Draws,       2 Flashes
D29:  0.0100 ROUND  --     214 Draws,       0 Flashes
D33:  0.0080 ROUND  --     944 Draws,       2 Flashes
D36:  0.0520 ROUND  --       0 Draws,      12 Flashes
D37:  0.0520 SQUARE --       0 Draws,       2 Flashes
D38:  0.0500 ROUND  --       4 Draws,       0 Flashes
---------------------------------------------------------
  9 D-Codes      -----    1162 Draws,      48 Flashes

*********************************************************

Output file: F:\EIS\PROJECTS\TRANSCONDUCTANCE AMPLIFIER\ORCAD\LAYOUT\EIS_NICU_BOARD-10.DRD

Aperture totals for F:\EIS\PROJECTS\TRANSCONDUCTANCE AMPLIFIER\ORCAD\LAYOUT\EIS_NICU_BOARD-10.DRD:
---------------------------------------------------------
D29:  0.0100 ROUND  --     941 Draws,       0 Flashes
D38:  0.0500 ROUND  --       4 Draws,       0 Flashes
---------------------------------------------------------
  2 D-Codes      -----     945 Draws,       0 Flashes

*********************************************************

Output file: F:\EIS\PROJECTS\TRANSCONDUCTANCE AMPLIFIER\ORCAD\LAYOUT\EIS_NICU_BOARD-10.FAB

Aperture totals for F:\EIS\PROJECTS\TRANSCONDUCTANCE AMPLIFIER\ORCAD\LAYOUT\EIS_NICU_BOARD-10.FAB:
---------------------------------------------------------
D38:  0.0500 ROUND  --       4 Draws,       0 Flashes
D39:  0.0280 ROUND  --       0 Draws,      10 Flashes
---------------------------------------------------------
  2 D-Codes      -----       4 Draws,      10 Flashes


*********************************************************

Aperture totals for entire project:
---------------------------------------------------------
D10:  0.0550 ROUND  --       0 Draws,       2 Flashes
D11:  0.0550 SQUARE --       0 Draws,       2 Flashes
D12:  0.0580 ROUND  --       0 Draws,      26 Flashes
D13:  0.1000 ROUND  --       0 Draws,      15 Flashes
D14:  0.0970 SQUARE --       0 Draws,       9 Flashes
D15:  0.0580 SQUARE --       0 Draws,      16 Flashes
D16:  0.0640 ROUND  --       0 Draws,      12 Flashes
D17:  0.1100 ROUND  --       0 Draws,       4 Flashes
D18:  0.0300 ROUND  --     186 Draws,       0 Flashes
D19:  0.0500 ROUND  --       0 Draws,      19 Flashes
D20:  0.0550 ROUND  --       0 Draws,      12 Flashes
D21:  0.0550 SQUARE --       0 Draws,       8 Flashes
D22:  0.0580 ROUND  --       0 Draws,      92 Flashes
D23:  0.1000 ROUND  --       0 Draws,      53 Flashes
D24:  0.0970 SQUARE --       0 Draws,      27 Flashes
D25:  0.0580 SQUARE --       0 Draws,      50 Flashes
D26:  0.0640 ROUND  --       0 Draws,      36 Flashes
D27:  0.1100 ROUND  --       0 Draws,       4 Flashes
D28:  0.0500 ROUND  --       0 Draws,       1 Flashes
D29:  0.0100 ROUND  --    2178 Draws,       0 Flashes
D30:  0.0120 ROUND  --      37 Draws,       0 Flashes
D31:  0.1050 ROUND  --       0 Draws,       8 Flashes
D32:  0.0550 ROUND  --       0 Draws,      20 Flashes
D33:  0.0080 ROUND  --    1174 Draws,       2 Flashes
D34:  0.0010 ROUND  --      34 Draws,       0 Flashes
D35:  0.0200 ROUND  --      43 Draws,       0 Flashes
D36:  0.0520 ROUND  --       0 Draws,      12 Flashes
D37:  0.0520 SQUARE --       0 Draws,       2 Flashes
D38:  0.0500 ROUND  --      12 Draws,       0 Flashes
D39:  0.0280 ROUND  --       0 Draws,      10 Flashes
---------------------------------------------------------
 30 D-Codes      -----    3664 Draws,     442 Flashes


No warnings or errors.
