Post Processor Report
OrCAD FILE: F:\EIS\PROJECTS\TRANSCONDUCTANCE AMPLIFIER\ORCAD\LAYOUT\EIS_NICU_BOARD-5.MAX
Wed Dec 26 17:43:20 2007

*********************************************************

Output file: F:\EIS\PROJECTS\TRANSCONDUCTANCE AMPLIFIER\ORCAD\LAYOUT\EIS_NICU_BOARD-5.TOP

Aperture totals for F:\EIS\PROJECTS\TRANSCONDUCTANCE AMPLIFIER\ORCAD\LAYOUT\EIS_NICU_BOARD-5.TOP:
---------------------------------------------------------
D10:  0.0550 ROUND  --       0 Draws,       6 Flashes
D11:  0.0550 SQUARE --       0 Draws,       2 Flashes
D12:  0.0520 ROUND  --       0 Draws,      12 Flashes
D13:  0.0670 ROUND  --       0 Draws,      15 Flashes
D14:  0.0800 SQUARE --       0 Draws,       9 Flashes
D15:  0.0520 SQUARE --       0 Draws,       2 Flashes
D16:  0.0580 ROUND  --       0 Draws,      22 Flashes
D17:  0.0580 SQUARE --       0 Draws,       2 Flashes
D18:  0.0590 SQUARE --       0 Draws,      12 Flashes
D19:  0.1100 ROUND  --       0 Draws,       4 Flashes
D20:  0.0500 ROUND  --       0 Draws,       1 Flashes
D21:  0.0210 ROUND  --     106 Draws,       0 Flashes
D22:  0.0500 ROUND  --       0 Draws,      11 Flashes
---------------------------------------------------------
 13 D-Codes      -----     106 Draws,      98 Flashes

*********************************************************

Output file: F:\EIS\PROJECTS\TRANSCONDUCTANCE AMPLIFIER\ORCAD\LAYOUT\EIS_NICU_BOARD-5.BOT

Aperture totals for F:\EIS\PROJECTS\TRANSCONDUCTANCE AMPLIFIER\ORCAD\LAYOUT\EIS_NICU_BOARD-5.BOT:
---------------------------------------------------------
D21:  0.0210 ROUND  --     105 Draws,       0 Flashes
D22:  0.0500 ROUND  --       0 Draws,      12 Flashes
D23:  0.0550 ROUND  --       0 Draws,       6 Flashes
D24:  0.0550 SQUARE --       0 Draws,       2 Flashes
D25:  0.0520 ROUND  --       0 Draws,      12 Flashes
D26:  0.0670 ROUND  --       0 Draws,      15 Flashes
D27:  0.0800 SQUARE --       0 Draws,       9 Flashes
D28:  0.0520 SQUARE --       0 Draws,       2 Flashes
D29:  0.0580 ROUND  --       0 Draws,      22 Flashes
D30:  0.0580 SQUARE --       0 Draws,       2 Flashes
D31:  0.0590 SQUARE --       0 Draws,      12 Flashes
D32:  0.1000 ROUND  --       0 Draws,       4 Flashes
D33:  0.0100 ROUND  --     247 Draws,       0 Flashes
---------------------------------------------------------
 13 D-Codes      -----     352 Draws,      98 Flashes

*********************************************************

Output file: F:\EIS\PROJECTS\TRANSCONDUCTANCE AMPLIFIER\ORCAD\LAYOUT\EIS_NICU_BOARD-5.GND

Aperture totals for F:\EIS\PROJECTS\TRANSCONDUCTANCE AMPLIFIER\ORCAD\LAYOUT\EIS_NICU_BOARD-5.GND:
---------------------------------------------------------
D27:  0.0800 SQUARE --       0 Draws,       9 Flashes
D31:  0.0590 SQUARE --       0 Draws,      12 Flashes
D34:  0.0750 ROUND  --       0 Draws,      21 Flashes
D35:  0.0750 SQUARE --       0 Draws,       2 Flashes
D36:  0.0720 ROUND  --       0 Draws,      12 Flashes
D37:  0.0720 SQUARE --       0 Draws,       2 Flashes
D38:  0.0780 ROUND  --       0 Draws,      22 Flashes
D39:  0.0780 SQUARE --       0 Draws,       2 Flashes
D40:  0.1400 ROUND  --       0 Draws,       4 Flashes
D41:  0.0500 ROUND  --       4 Draws,       0 Flashes
D42:  0.0750 ROUND  --       0 Draws,      12 Flashes
---------------------------------------------------------
 11 D-Codes      -----       4 Draws,      98 Flashes

*********************************************************

Output file: F:\EIS\PROJECTS\TRANSCONDUCTANCE AMPLIFIER\ORCAD\LAYOUT\EIS_NICU_BOARD-5.PWR

Aperture totals for F:\EIS\PROJECTS\TRANSCONDUCTANCE AMPLIFIER\ORCAD\LAYOUT\EIS_NICU_BOARD-5.PWR:
---------------------------------------------------------
D27:  0.0800 SQUARE --       0 Draws,       9 Flashes
D31:  0.0590 SQUARE --       0 Draws,      12 Flashes
D34:  0.0750 ROUND  --       0 Draws,      21 Flashes
D35:  0.0750 SQUARE --       0 Draws,       2 Flashes
D36:  0.0720 ROUND  --       0 Draws,      12 Flashes
D37:  0.0720 SQUARE --       0 Draws,       2 Flashes
D38:  0.0780 ROUND  --       0 Draws,      22 Flashes
D39:  0.0780 SQUARE --       0 Draws,       2 Flashes
D40:  0.1400 ROUND  --       0 Draws,       4 Flashes
D41:  0.0500 ROUND  --       4 Draws,       0 Flashes
D42:  0.0750 ROUND  --       0 Draws,      12 Flashes
---------------------------------------------------------
 11 D-Codes      -----       4 Draws,      98 Flashes

*********************************************************

Output file: F:\EIS\PROJECTS\TRANSCONDUCTANCE AMPLIFIER\ORCAD\LAYOUT\EIS_NICU_BOARD-5.SMT

Aperture totals for F:\EIS\PROJECTS\TRANSCONDUCTANCE AMPLIFIER\ORCAD\LAYOUT\EIS_NICU_BOARD-5.SMT:
---------------------------------------------------------
D23:  0.0550 ROUND  --       0 Draws,       6 Flashes
D24:  0.0550 SQUARE --       0 Draws,       2 Flashes
D25:  0.0520 ROUND  --       0 Draws,      12 Flashes
D28:  0.0520 SQUARE --       0 Draws,       2 Flashes
D29:  0.0580 ROUND  --       0 Draws,      22 Flashes
D30:  0.0580 SQUARE --       0 Draws,       2 Flashes
D43:  0.0700 ROUND  --       0 Draws,      15 Flashes
D44:  0.1200 SQUARE --       0 Draws,       9 Flashes
D45:  0.0689 SQUARE --       0 Draws,      12 Flashes
D46:  0.1050 ROUND  --       0 Draws,       4 Flashes
D47:  0.0550 ROUND  --       0 Draws,      12 Flashes
---------------------------------------------------------
 11 D-Codes      -----       0 Draws,      98 Flashes

*********************************************************

Output file: F:\EIS\PROJECTS\TRANSCONDUCTANCE AMPLIFIER\ORCAD\LAYOUT\EIS_NICU_BOARD-5.SMB

Aperture totals for F:\EIS\PROJECTS\TRANSCONDUCTANCE AMPLIFIER\ORCAD\LAYOUT\EIS_NICU_BOARD-5.SMB:
---------------------------------------------------------
D23:  0.0550 ROUND  --       0 Draws,       6 Flashes
D24:  0.0550 SQUARE --       0 Draws,       2 Flashes
D25:  0.0520 ROUND  --       0 Draws,      12 Flashes
D28:  0.0520 SQUARE --       0 Draws,       2 Flashes
D29:  0.0580 ROUND  --       0 Draws,      22 Flashes
D30:  0.0580 SQUARE --       0 Draws,       2 Flashes
D43:  0.0700 ROUND  --       0 Draws,      15 Flashes
D44:  0.1200 SQUARE --       0 Draws,       9 Flashes
D45:  0.0689 SQUARE --       0 Draws,      12 Flashes
D46:  0.1050 ROUND  --       0 Draws,       4 Flashes
D47:  0.0550 ROUND  --       0 Draws,      12 Flashes
---------------------------------------------------------
 11 D-Codes      -----       0 Draws,      98 Flashes

*********************************************************

Output file: F:\EIS\PROJECTS\TRANSCONDUCTANCE AMPLIFIER\ORCAD\LAYOUT\EIS_NICU_BOARD-5.SST

Aperture totals for F:\EIS\PROJECTS\TRANSCONDUCTANCE AMPLIFIER\ORCAD\LAYOUT\EIS_NICU_BOARD-5.SST:
---------------------------------------------------------
D33:  0.0100 ROUND  --     113 Draws,       0 Flashes
D48:  0.0080 ROUND  --     237 Draws,       0 Flashes
D49:  0.0010 ROUND  --      34 Draws,       0 Flashes
---------------------------------------------------------
  3 D-Codes      -----     384 Draws,       0 Flashes

*********************************************************

Output file: F:\EIS\PROJECTS\TRANSCONDUCTANCE AMPLIFIER\ORCAD\LAYOUT\EIS_NICU_BOARD-5.AST

Aperture totals for F:\EIS\PROJECTS\TRANSCONDUCTANCE AMPLIFIER\ORCAD\LAYOUT\EIS_NICU_BOARD-5.AST:
---------------------------------------------------------
D23:  0.0550 ROUND  --       0 Draws,       6 Flashes
D24:  0.0550 SQUARE --       0 Draws,       2 Flashes
D25:  0.0520 ROUND  --       0 Draws,      12 Flashes
D28:  0.0520 SQUARE --       0 Draws,       2 Flashes
D29:  0.0580 ROUND  --       0 Draws,      22 Flashes
D30:  0.0580 SQUARE --       0 Draws,       2 Flashes
D33:  0.0100 ROUND  --     184 Draws,       0 Flashes
D41:  0.0500 ROUND  --       4 Draws,       0 Flashes
D48:  0.0080 ROUND  --     947 Draws,       2 Flashes
---------------------------------------------------------
  9 D-Codes      -----    1135 Draws,      48 Flashes

*********************************************************

Output file: F:\EIS\PROJECTS\TRANSCONDUCTANCE AMPLIFIER\ORCAD\LAYOUT\EIS_NICU_BOARD-5.DRD

Aperture totals for F:\EIS\PROJECTS\TRANSCONDUCTANCE AMPLIFIER\ORCAD\LAYOUT\EIS_NICU_BOARD-5.DRD:
---------------------------------------------------------
D33:  0.0100 ROUND  --     974 Draws,       0 Flashes
D41:  0.0500 ROUND  --       4 Draws,       0 Flashes
---------------------------------------------------------
  2 D-Codes      -----     978 Draws,       0 Flashes

*********************************************************

Output file: F:\EIS\PROJECTS\TRANSCONDUCTANCE AMPLIFIER\ORCAD\LAYOUT\EIS_NICU_BOARD-5.FAB

Aperture totals for F:\EIS\PROJECTS\TRANSCONDUCTANCE AMPLIFIER\ORCAD\LAYOUT\EIS_NICU_BOARD-5.FAB:
---------------------------------------------------------
D41:  0.0500 ROUND  --       4 Draws,       0 Flashes
D50:  0.0280 ROUND  --       0 Draws,      12 Flashes
---------------------------------------------------------
  2 D-Codes      -----       4 Draws,      12 Flashes


*********************************************************

Aperture totals for entire project:
---------------------------------------------------------
D10:  0.0550 ROUND  --       0 Draws,       6 Flashes
D11:  0.0550 SQUARE --       0 Draws,       2 Flashes
D12:  0.0520 ROUND  --       0 Draws,      12 Flashes
D13:  0.0670 ROUND  --       0 Draws,      15 Flashes
D14:  0.0800 SQUARE --       0 Draws,       9 Flashes
D15:  0.0520 SQUARE --       0 Draws,       2 Flashes
D16:  0.0580 ROUND  --       0 Draws,      22 Flashes
D17:  0.0580 SQUARE --       0 Draws,       2 Flashes
D18:  0.0590 SQUARE --       0 Draws,      12 Flashes
D19:  0.1100 ROUND  --       0 Draws,       4 Flashes
D20:  0.0500 ROUND  --       0 Draws,       1 Flashes
D21:  0.0210 ROUND  --     211 Draws,       0 Flashes
D22:  0.0500 ROUND  --       0 Draws,      23 Flashes
D23:  0.0550 ROUND  --       0 Draws,      24 Flashes
D24:  0.0550 SQUARE --       0 Draws,       8 Flashes
D25:  0.0520 ROUND  --       0 Draws,      48 Flashes
D26:  0.0670 ROUND  --       0 Draws,      15 Flashes
D27:  0.0800 SQUARE --       0 Draws,      27 Flashes
D28:  0.0520 SQUARE --       0 Draws,       8 Flashes
D29:  0.0580 ROUND  --       0 Draws,      88 Flashes
D30:  0.0580 SQUARE --       0 Draws,       8 Flashes
D31:  0.0590 SQUARE --       0 Draws,      36 Flashes
D32:  0.1000 ROUND  --       0 Draws,       4 Flashes
D33:  0.0100 ROUND  --    1518 Draws,       0 Flashes
D34:  0.0750 ROUND  --       0 Draws,      42 Flashes
D35:  0.0750 SQUARE --       0 Draws,       4 Flashes
D36:  0.0720 ROUND  --       0 Draws,      24 Flashes
D37:  0.0720 SQUARE --       0 Draws,       4 Flashes
D38:  0.0780 ROUND  --       0 Draws,      44 Flashes
D39:  0.0780 SQUARE --       0 Draws,       4 Flashes
D40:  0.1400 ROUND  --       0 Draws,       8 Flashes
D41:  0.0500 ROUND  --      20 Draws,       0 Flashes
D42:  0.0750 ROUND  --       0 Draws,      24 Flashes
D43:  0.0700 ROUND  --       0 Draws,      30 Flashes
D44:  0.1200 SQUARE --       0 Draws,      18 Flashes
D45:  0.0689 SQUARE --       0 Draws,      24 Flashes
D46:  0.1050 ROUND  --       0 Draws,       8 Flashes
D47:  0.0550 ROUND  --       0 Draws,      24 Flashes
D48:  0.0080 ROUND  --    1184 Draws,       2 Flashes
D49:  0.0010 ROUND  --      34 Draws,       0 Flashes
D50:  0.0280 ROUND  --       0 Draws,      12 Flashes
---------------------------------------------------------
 41 D-Codes      -----    2967 Draws,     648 Flashes


No warnings or errors.
